16:32:31|Info|Quartz.Impl.StdSchedulerFactory+<Instantiate>d__65.MoveNext|Using object serializer: Quartz.Simpl.BinaryObjectSerializer, Quartz|
16:32:31|Info|Quartz.Core.QuartzScheduler..ctor|Initialized Scheduler Signaller of type: Quartz.Core.SchedulerSignalerImpl|
16:32:32|Info|System.Dynamic.UpdateDelegates.UpdateAndExecuteVoid2|Quartz Scheduler v.3.0.7.0 created.|
16:32:32|Info|Quartz.Simpl.RAMJobStore.Initialize|RAMJobStore initialized.|
16:32:32|Info|Quartz.Core.QuartzScheduler.Initialize|Scheduler meta-data: Quartz Scheduler (v3.0.7.0) 'QuartzScheduler' with instanceId 'NON_CLUSTERED'
  Scheduler class: 'Quartz.Core.QuartzScheduler' - running locally.
  NOT STARTED.
  Currently in standby mode.
  Number of jobs executed: 0
  Using thread pool 'Quartz.Simpl.DefaultThreadPool' - with 10 threads.
  Using job-store 'Quartz.Simpl.RAMJobStore' - which does not support persistence. and is not clustered.
|
16:32:32|Info|Quartz.Impl.StdSchedulerFactory+<Instantiate>d__65.MoveNext|Quartz scheduler 'QuartzScheduler' initialized|
16:32:32|Info|Quartz.Impl.StdSchedulerFactory+<Instantiate>d__65.MoveNext|Quartz scheduler version: 3.0.7.0|
16:32:32|Info|Quartz.Core.QuartzScheduler+<Start>d__68.MoveNext|Scheduler QuartzScheduler_$_NON_CLUSTERED started.|
16:33:38|Info|Quartz.Impl.StdSchedulerFactory+<Instantiate>d__65.MoveNext|Using object serializer: Quartz.Simpl.BinaryObjectSerializer, Quartz|
16:33:38|Info|Quartz.Core.QuartzScheduler..ctor|Initialized Scheduler Signaller of type: Quartz.Core.SchedulerSignalerImpl|
16:33:38|Info|System.Dynamic.UpdateDelegates.UpdateAndExecuteVoid2|Quartz Scheduler v.3.0.7.0 created.|
16:33:38|Info|Quartz.Simpl.RAMJobStore.Initialize|RAMJobStore initialized.|
16:33:38|Info|Quartz.Core.QuartzScheduler.Initialize|Scheduler meta-data: Quartz Scheduler (v3.0.7.0) 'QuartzScheduler' with instanceId 'NON_CLUSTERED'
  Scheduler class: 'Quartz.Core.QuartzScheduler' - running locally.
  NOT STARTED.
  Currently in standby mode.
  Number of jobs executed: 0
  Using thread pool 'Quartz.Simpl.DefaultThreadPool' - with 10 threads.
  Using job-store 'Quartz.Simpl.RAMJobStore' - which does not support persistence. and is not clustered.
|
16:33:38|Info|Quartz.Impl.StdSchedulerFactory+<Instantiate>d__65.MoveNext|Quartz scheduler 'QuartzScheduler' initialized|
16:33:38|Info|Quartz.Impl.StdSchedulerFactory+<Instantiate>d__65.MoveNext|Quartz scheduler version: 3.0.7.0|
16:33:38|Info|Quartz.Core.QuartzScheduler+<Start>d__68.MoveNext|Scheduler QuartzScheduler_$_NON_CLUSTERED started.|
16:34:56|Info|Quartz.Impl.StdSchedulerFactory+<Instantiate>d__65.MoveNext|Using object serializer: Quartz.Simpl.BinaryObjectSerializer, Quartz|
16:34:56|Info|Quartz.Core.QuartzScheduler..ctor|Initialized Scheduler Signaller of type: Quartz.Core.SchedulerSignalerImpl|
16:34:56|Info|System.Dynamic.UpdateDelegates.UpdateAndExecuteVoid2|Quartz Scheduler v.3.0.7.0 created.|
16:34:56|Info|Quartz.Simpl.RAMJobStore.Initialize|RAMJobStore initialized.|
16:34:56|Info|Quartz.Core.QuartzScheduler.Initialize|Scheduler meta-data: Quartz Scheduler (v3.0.7.0) 'QuartzScheduler' with instanceId 'NON_CLUSTERED'
  Scheduler class: 'Quartz.Core.QuartzScheduler' - running locally.
  NOT STARTED.
  Currently in standby mode.
  Number of jobs executed: 0
  Using thread pool 'Quartz.Simpl.DefaultThreadPool' - with 10 threads.
  Using job-store 'Quartz.Simpl.RAMJobStore' - which does not support persistence. and is not clustered.
|
16:34:56|Info|Quartz.Impl.StdSchedulerFactory+<Instantiate>d__65.MoveNext|Quartz scheduler 'QuartzScheduler' initialized|
16:34:56|Info|Quartz.Impl.StdSchedulerFactory+<Instantiate>d__65.MoveNext|Quartz scheduler version: 3.0.7.0|
16:34:56|Info|Quartz.Core.QuartzScheduler+<Start>d__68.MoveNext|Scheduler QuartzScheduler_$_NON_CLUSTERED started.|
16:37:04|Info|Quartz.Impl.StdSchedulerFactory+<Instantiate>d__65.MoveNext|Using object serializer: Quartz.Simpl.BinaryObjectSerializer, Quartz|
16:37:04|Info|Quartz.Core.QuartzScheduler..ctor|Initialized Scheduler Signaller of type: Quartz.Core.SchedulerSignalerImpl|
16:37:04|Info|System.Dynamic.UpdateDelegates.UpdateAndExecuteVoid2|Quartz Scheduler v.3.0.7.0 created.|
16:37:04|Info|Quartz.Simpl.RAMJobStore.Initialize|RAMJobStore initialized.|
16:37:04|Info|Quartz.Core.QuartzScheduler.Initialize|Scheduler meta-data: Quartz Scheduler (v3.0.7.0) 'QuartzScheduler' with instanceId 'NON_CLUSTERED'
  Scheduler class: 'Quartz.Core.QuartzScheduler' - running locally.
  NOT STARTED.
  Currently in standby mode.
  Number of jobs executed: 0
  Using thread pool 'Quartz.Simpl.DefaultThreadPool' - with 10 threads.
  Using job-store 'Quartz.Simpl.RAMJobStore' - which does not support persistence. and is not clustered.
|
16:37:04|Info|Quartz.Impl.StdSchedulerFactory+<Instantiate>d__65.MoveNext|Quartz scheduler 'QuartzScheduler' initialized|
16:37:04|Info|Quartz.Impl.StdSchedulerFactory+<Instantiate>d__65.MoveNext|Quartz scheduler version: 3.0.7.0|
16:37:04|Info|Quartz.Core.QuartzScheduler+<Start>d__68.MoveNext|Scheduler QuartzScheduler_$_NON_CLUSTERED started.|
16:38:29|Info|Quartz.Impl.StdSchedulerFactory+<Instantiate>d__65.MoveNext|Using object serializer: Quartz.Simpl.BinaryObjectSerializer, Quartz|
16:38:29|Info|Quartz.Core.QuartzScheduler..ctor|Initialized Scheduler Signaller of type: Quartz.Core.SchedulerSignalerImpl|
16:38:29|Info|System.Dynamic.UpdateDelegates.UpdateAndExecuteVoid2|Quartz Scheduler v.3.0.7.0 created.|
16:38:29|Info|Quartz.Simpl.RAMJobStore.Initialize|RAMJobStore initialized.|
16:38:29|Info|Quartz.Core.QuartzScheduler.Initialize|Scheduler meta-data: Quartz Scheduler (v3.0.7.0) 'QuartzScheduler' with instanceId 'NON_CLUSTERED'
  Scheduler class: 'Quartz.Core.QuartzScheduler' - running locally.
  NOT STARTED.
  Currently in standby mode.
  Number of jobs executed: 0
  Using thread pool 'Quartz.Simpl.DefaultThreadPool' - with 10 threads.
  Using job-store 'Quartz.Simpl.RAMJobStore' - which does not support persistence. and is not clustered.
|
16:38:29|Info|Quartz.Impl.StdSchedulerFactory+<Instantiate>d__65.MoveNext|Quartz scheduler 'QuartzScheduler' initialized|
16:38:29|Info|Quartz.Impl.StdSchedulerFactory+<Instantiate>d__65.MoveNext|Quartz scheduler version: 3.0.7.0|
16:38:29|Info|Quartz.Core.QuartzScheduler+<Start>d__68.MoveNext|Scheduler QuartzScheduler_$_NON_CLUSTERED started.|
16:40:23|Info|Quartz.Impl.StdSchedulerFactory+<Instantiate>d__65.MoveNext|Using object serializer: Quartz.Simpl.BinaryObjectSerializer, Quartz|
16:40:23|Info|Quartz.Core.QuartzScheduler..ctor|Initialized Scheduler Signaller of type: Quartz.Core.SchedulerSignalerImpl|
16:40:23|Info|System.Dynamic.UpdateDelegates.UpdateAndExecuteVoid2|Quartz Scheduler v.3.0.7.0 created.|
16:40:23|Info|Quartz.Simpl.RAMJobStore.Initialize|RAMJobStore initialized.|
16:40:23|Info|Quartz.Core.QuartzScheduler.Initialize|Scheduler meta-data: Quartz Scheduler (v3.0.7.0) 'QuartzScheduler' with instanceId 'NON_CLUSTERED'
  Scheduler class: 'Quartz.Core.QuartzScheduler' - running locally.
  NOT STARTED.
  Currently in standby mode.
  Number of jobs executed: 0
  Using thread pool 'Quartz.Simpl.DefaultThreadPool' - with 10 threads.
  Using job-store 'Quartz.Simpl.RAMJobStore' - which does not support persistence. and is not clustered.
|
16:40:23|Info|Quartz.Impl.StdSchedulerFactory+<Instantiate>d__65.MoveNext|Quartz scheduler 'QuartzScheduler' initialized|
16:40:23|Info|Quartz.Impl.StdSchedulerFactory+<Instantiate>d__65.MoveNext|Quartz scheduler version: 3.0.7.0|
16:40:23|Info|Quartz.Core.QuartzScheduler+<Start>d__68.MoveNext|Scheduler QuartzScheduler_$_NON_CLUSTERED started.|
16:42:16|Info|Quartz.Impl.StdSchedulerFactory+<Instantiate>d__65.MoveNext|Using object serializer: Quartz.Simpl.BinaryObjectSerializer, Quartz|
16:42:16|Info|Quartz.Core.QuartzScheduler..ctor|Initialized Scheduler Signaller of type: Quartz.Core.SchedulerSignalerImpl|
16:42:17|Info|System.Dynamic.UpdateDelegates.UpdateAndExecuteVoid2|Quartz Scheduler v.3.0.7.0 created.|
16:42:17|Info|Quartz.Simpl.RAMJobStore.Initialize|RAMJobStore initialized.|
16:42:17|Info|Quartz.Core.QuartzScheduler.Initialize|Scheduler meta-data: Quartz Scheduler (v3.0.7.0) 'QuartzScheduler' with instanceId 'NON_CLUSTERED'
  Scheduler class: 'Quartz.Core.QuartzScheduler' - running locally.
  NOT STARTED.
  Currently in standby mode.
  Number of jobs executed: 0
  Using thread pool 'Quartz.Simpl.DefaultThreadPool' - with 10 threads.
  Using job-store 'Quartz.Simpl.RAMJobStore' - which does not support persistence. and is not clustered.
|
16:42:17|Info|Quartz.Impl.StdSchedulerFactory+<Instantiate>d__65.MoveNext|Quartz scheduler 'QuartzScheduler' initialized|
16:42:17|Info|Quartz.Impl.StdSchedulerFactory+<Instantiate>d__65.MoveNext|Quartz scheduler version: 3.0.7.0|
16:42:17|Info|Quartz.Core.QuartzScheduler+<Start>d__68.MoveNext|Scheduler QuartzScheduler_$_NON_CLUSTERED started.|
16:44:12|Info|Quartz.Impl.StdSchedulerFactory+<Instantiate>d__65.MoveNext|Using object serializer: Quartz.Simpl.BinaryObjectSerializer, Quartz|
16:44:12|Info|Quartz.Core.QuartzScheduler..ctor|Initialized Scheduler Signaller of type: Quartz.Core.SchedulerSignalerImpl|
16:44:12|Info|System.Dynamic.UpdateDelegates.UpdateAndExecuteVoid2|Quartz Scheduler v.3.0.7.0 created.|
16:44:12|Info|Quartz.Simpl.RAMJobStore.Initialize|RAMJobStore initialized.|
16:44:12|Info|Quartz.Core.QuartzScheduler.Initialize|Scheduler meta-data: Quartz Scheduler (v3.0.7.0) 'QuartzScheduler' with instanceId 'NON_CLUSTERED'
  Scheduler class: 'Quartz.Core.QuartzScheduler' - running locally.
  NOT STARTED.
  Currently in standby mode.
  Number of jobs executed: 0
  Using thread pool 'Quartz.Simpl.DefaultThreadPool' - with 10 threads.
  Using job-store 'Quartz.Simpl.RAMJobStore' - which does not support persistence. and is not clustered.
|
16:44:12|Info|Quartz.Impl.StdSchedulerFactory+<Instantiate>d__65.MoveNext|Quartz scheduler 'QuartzScheduler' initialized|
16:44:12|Info|Quartz.Impl.StdSchedulerFactory+<Instantiate>d__65.MoveNext|Quartz scheduler version: 3.0.7.0|
16:44:12|Info|Quartz.Core.QuartzScheduler+<Start>d__68.MoveNext|Scheduler QuartzScheduler_$_NON_CLUSTERED started.|
17:03:59|Info|Quartz.Impl.StdSchedulerFactory+<Instantiate>d__65.MoveNext|Using object serializer: Quartz.Simpl.BinaryObjectSerializer, Quartz|
17:03:59|Info|Quartz.Core.QuartzScheduler..ctor|Initialized Scheduler Signaller of type: Quartz.Core.SchedulerSignalerImpl|
17:03:59|Info|System.Dynamic.UpdateDelegates.UpdateAndExecuteVoid2|Quartz Scheduler v.3.0.7.0 created.|
17:03:59|Info|Quartz.Simpl.RAMJobStore.Initialize|RAMJobStore initialized.|
17:03:59|Info|Quartz.Core.QuartzScheduler.Initialize|Scheduler meta-data: Quartz Scheduler (v3.0.7.0) 'QuartzScheduler' with instanceId 'NON_CLUSTERED'
  Scheduler class: 'Quartz.Core.QuartzScheduler' - running locally.
  NOT STARTED.
  Currently in standby mode.
  Number of jobs executed: 0
  Using thread pool 'Quartz.Simpl.DefaultThreadPool' - with 10 threads.
  Using job-store 'Quartz.Simpl.RAMJobStore' - which does not support persistence. and is not clustered.
|
17:03:59|Info|Quartz.Impl.StdSchedulerFactory+<Instantiate>d__65.MoveNext|Quartz scheduler 'QuartzScheduler' initialized|
17:03:59|Info|Quartz.Impl.StdSchedulerFactory+<Instantiate>d__65.MoveNext|Quartz scheduler version: 3.0.7.0|
17:03:59|Info|Quartz.Core.QuartzScheduler+<Start>d__68.MoveNext|Scheduler QuartzScheduler_$_NON_CLUSTERED started.|
17:05:49|Info|Quartz.Impl.StdSchedulerFactory+<Instantiate>d__65.MoveNext|Using object serializer: Quartz.Simpl.BinaryObjectSerializer, Quartz|
17:05:49|Info|Quartz.Core.QuartzScheduler..ctor|Initialized Scheduler Signaller of type: Quartz.Core.SchedulerSignalerImpl|
17:05:49|Info|System.Dynamic.UpdateDelegates.UpdateAndExecuteVoid2|Quartz Scheduler v.3.0.7.0 created.|
17:05:49|Info|Quartz.Simpl.RAMJobStore.Initialize|RAMJobStore initialized.|
17:05:49|Info|Quartz.Core.QuartzScheduler.Initialize|Scheduler meta-data: Quartz Scheduler (v3.0.7.0) 'QuartzScheduler' with instanceId 'NON_CLUSTERED'
  Scheduler class: 'Quartz.Core.QuartzScheduler' - running locally.
  NOT STARTED.
  Currently in standby mode.
  Number of jobs executed: 0
  Using thread pool 'Quartz.Simpl.DefaultThreadPool' - with 10 threads.
  Using job-store 'Quartz.Simpl.RAMJobStore' - which does not support persistence. and is not clustered.
|
17:05:49|Info|Quartz.Impl.StdSchedulerFactory+<Instantiate>d__65.MoveNext|Quartz scheduler 'QuartzScheduler' initialized|
17:05:49|Info|Quartz.Impl.StdSchedulerFactory+<Instantiate>d__65.MoveNext|Quartz scheduler version: 3.0.7.0|
17:05:49|Info|Quartz.Core.QuartzScheduler+<Start>d__68.MoveNext|Scheduler QuartzScheduler_$_NON_CLUSTERED started.|
17:23:27|Info|Quartz.Impl.StdSchedulerFactory+<Instantiate>d__65.MoveNext|Using object serializer: Quartz.Simpl.BinaryObjectSerializer, Quartz|
17:23:27|Info|Quartz.Core.QuartzScheduler..ctor|Initialized Scheduler Signaller of type: Quartz.Core.SchedulerSignalerImpl|
17:23:27|Info|System.Dynamic.UpdateDelegates.UpdateAndExecuteVoid2|Quartz Scheduler v.3.0.7.0 created.|
17:23:27|Info|Quartz.Simpl.RAMJobStore.Initialize|RAMJobStore initialized.|
17:23:27|Info|Quartz.Core.QuartzScheduler.Initialize|Scheduler meta-data: Quartz Scheduler (v3.0.7.0) 'QuartzScheduler' with instanceId 'NON_CLUSTERED'
  Scheduler class: 'Quartz.Core.QuartzScheduler' - running locally.
  NOT STARTED.
  Currently in standby mode.
  Number of jobs executed: 0
  Using thread pool 'Quartz.Simpl.DefaultThreadPool' - with 10 threads.
  Using job-store 'Quartz.Simpl.RAMJobStore' - which does not support persistence. and is not clustered.
|
17:23:27|Info|Quartz.Impl.StdSchedulerFactory+<Instantiate>d__65.MoveNext|Quartz scheduler 'QuartzScheduler' initialized|
17:23:27|Info|Quartz.Impl.StdSchedulerFactory+<Instantiate>d__65.MoveNext|Quartz scheduler version: 3.0.7.0|
17:23:27|Info|Quartz.Core.QuartzScheduler+<Start>d__68.MoveNext|Scheduler QuartzScheduler_$_NON_CLUSTERED started.|
17:30:21|Info|Quartz.Impl.StdSchedulerFactory+<Instantiate>d__65.MoveNext|Using object serializer: Quartz.Simpl.BinaryObjectSerializer, Quartz|
17:30:21|Info|Quartz.Core.QuartzScheduler..ctor|Initialized Scheduler Signaller of type: Quartz.Core.SchedulerSignalerImpl|
17:30:21|Info|System.Dynamic.UpdateDelegates.UpdateAndExecuteVoid2|Quartz Scheduler v.3.0.7.0 created.|
17:30:21|Info|Quartz.Simpl.RAMJobStore.Initialize|RAMJobStore initialized.|
17:30:21|Info|Quartz.Core.QuartzScheduler.Initialize|Scheduler meta-data: Quartz Scheduler (v3.0.7.0) 'QuartzScheduler' with instanceId 'NON_CLUSTERED'
  Scheduler class: 'Quartz.Core.QuartzScheduler' - running locally.
  NOT STARTED.
  Currently in standby mode.
  Number of jobs executed: 0
  Using thread pool 'Quartz.Simpl.DefaultThreadPool' - with 10 threads.
  Using job-store 'Quartz.Simpl.RAMJobStore' - which does not support persistence. and is not clustered.
|
17:30:21|Info|Quartz.Impl.StdSchedulerFactory+<Instantiate>d__65.MoveNext|Quartz scheduler 'QuartzScheduler' initialized|
17:30:21|Info|Quartz.Impl.StdSchedulerFactory+<Instantiate>d__65.MoveNext|Quartz scheduler version: 3.0.7.0|
17:30:21|Info|Quartz.Core.QuartzScheduler+<Start>d__68.MoveNext|Scheduler QuartzScheduler_$_NON_CLUSTERED started.|
