17:34:54|Info|Quartz.Impl.StdSchedulerFactory+<Instantiate>d__65.MoveNext|Using object serializer: Quartz.Simpl.BinaryObjectSerializer, Quartz|
17:34:54|Info|Quartz.Core.QuartzScheduler..ctor|Initialized Scheduler Signaller of type: Quartz.Core.SchedulerSignalerImpl|
17:34:54|Info|System.Dynamic.UpdateDelegates.UpdateAndExecuteVoid2|Quartz Scheduler v.3.0.7.0 created.|
17:34:54|Info|Quartz.Simpl.RAMJobStore.Initialize|RAMJobStore initialized.|
17:34:54|Info|Quartz.Core.QuartzScheduler.Initialize|Scheduler meta-data: Quartz Scheduler (v3.0.7.0) 'QuartzScheduler' with instanceId 'NON_CLUSTERED'
  Scheduler class: 'Quartz.Core.QuartzScheduler' - running locally.
  NOT STARTED.
  Currently in standby mode.
  Number of jobs executed: 0
  Using thread pool 'Quartz.Simpl.DefaultThreadPool' - with 10 threads.
  Using job-store 'Quartz.Simpl.RAMJobStore' - which does not support persistence. and is not clustered.
|
17:34:54|Info|Quartz.Impl.StdSchedulerFactory+<Instantiate>d__65.MoveNext|Quartz scheduler 'QuartzScheduler' initialized|
17:34:54|Info|Quartz.Impl.StdSchedulerFactory+<Instantiate>d__65.MoveNext|Quartz scheduler version: 3.0.7.0|
17:34:54|Info|Quartz.Core.QuartzScheduler+<Start>d__68.MoveNext|Scheduler QuartzScheduler_$_NON_CLUSTERED started.|
17:35:02|Info|Common.LogHelper.Info|2019/3/15 17:35:02Microsoft Windows [版本 10.0.17134.648]
(c) 2018 Microsoft Corporation。保留所有权利。

G:\学习\GitHub\调度\Job\Job\WebApplication1\ConsoleApp1\bin\Release\netcoreapp2.2\publish>CD F:/ZHGC1/R20181101_ZHGC

G:\学习\GitHub\调度\Job\Job\WebApplication1\ConsoleApp1\bin\Release\netcoreapp2.2\publish>F:

F:\ZHGC1\R20181101_ZHGC>git pull&exit
Updating 4844cba2..934c327d
Fast-forward
 code/NET/ZHGC.WebApi/appsettings.json                    | 2 +-
 code/NET/ZHGC.WebService/EN/ElectricPowerBuyInService.cs | 2 +-
 2 files changed, 2 insertions(+), 2 deletions(-)
|
