2019-03-08 20:55:38.0701 INFO  User profile is available. Using 'C:\Users\Administrator\AppData\Local\ASP.NET\DataProtection-Keys' as key repository and Windows DPAPI to encrypt keys at rest.  XmlKeyManager..ctor => XmlKeyManager.GetFallbackKeyRepositoryEncryptorPair => LoggingExtensions.UsingProfileAsKeyRepositoryWithDPAPI
2019-03-08 20:55:39.0404 INFO  Request starting HTTP/1.1 GET http://localhost:63313/    <ProcessRequestAsync>d__2.MoveNext => HostingApplication.CreateContext => HostingApplicationDiagnostics.LogRequestStarting
2019-03-08 20:55:39.0833 INFO  Executing endpoint 'Web.Controllers.LoginController.Index (Web)'  AsyncMethodBuilderCore.Start => <Invoke>d__3.MoveNext => Log.ExecutingEndpoint
2019-03-08 20:55:39.0961 INFO  Route matched with {action = "Index", controller = "Login"}. Executing action Web.Controllers.LoginController.Index (Web)  AsyncMethodBuilderCore.Start => <InvokeAsync>d__16.MoveNext => MvcCoreLoggerExtensions.ExecutingAction
2019-03-08 20:55:39.1195 INFO  Executing action method Web.Controllers.LoginController.Index (Web) - Validation state: Valid  AsyncMethodBuilderCore.Start => <InvokeActionMethodAsync>d__12.MoveNext => MvcCoreLoggerExtensions.ActionMethodExecuting
2019-03-08 20:55:39.1195 DEBUG  登录失败：账号  <no type>.lambda_method => LoginController.Index => LogHelp.Debug
2019-03-08 20:55:39.1195 INFO  Executed action method Web.Controllers.LoginController.Index (Web), returned result Microsoft.AspNetCore.Mvc.ViewResult in 4.5569ms.  AsyncMethodBuilderCore.Start => <InvokeActionMethodAsync>d__12.MoveNext => MvcCoreLoggerExtensions.ActionMethodExecuted
2019-03-08 20:55:39.1498 INFO  Executing ViewResult, running view Index.  <ExecuteAsync>d__6.MoveNext => ViewResultExecutor.FindView => MvcViewFeaturesLoggerExtensions.ViewResultExecuting
2019-03-08 20:55:39.2166 INFO  Executed ViewResult - view Index executed in 79.625ms.  AsyncMethodBuilderCore.Start => <ExecuteAsync>d__6.MoveNext => MvcViewFeaturesLoggerExtensions.ViewResultExecuted
2019-03-08 20:55:39.2166 INFO  Executed action Web.Controllers.LoginController.Index (Web) in 121.6669ms  AsyncMethodBuilderCore.Start => <InvokeAsync>d__16.MoveNext => MvcCoreLoggerExtensions.ExecutedAction
2019-03-08 20:55:39.2166 INFO  Executed endpoint 'Web.Controllers.LoginController.Index (Web)'  AsyncMethodBuilderCore.Start => <Invoke>d__3.MoveNext => Log.ExecutedEndpoint
2019-03-08 20:55:39.2314 INFO  Request finished in 190.0834ms 200 text/html; charset=utf-8  <ProcessRequestAsync>d__2.MoveNext => HostingApplication.DisposeContext => HostingApplicationDiagnostics.LogRequestFinished
2019-03-08 20:55:39.2629 INFO  Request starting HTTP/1.1 GET http://localhost:63313/js/jquery-2.2.4.min.js    <ProcessRequestAsync>d__2.MoveNext => HostingApplication.CreateContext => HostingApplicationDiagnostics.LogRequestStarting
2019-03-08 20:55:39.3340 INFO  Sending file. Request path: '/js/jquery-2.2.4.min.js'. Physical path: 'G:\学习\GitHub\调度\Job\Job\Web\Web\wwwroot\js\jquery-2.2.4.min.js'  ExecutionContext.RunInternal => <Invoke>d__7.MoveNext => LoggerExtensions.LogFileServed
2019-03-08 20:55:39.3375 INFO  Request finished in 96.9513ms 200 application/javascript  <ProcessRequestAsync>d__2.MoveNext => HostingApplication.DisposeContext => HostingApplicationDiagnostics.LogRequestFinished
2019-03-08 20:55:47.0900 INFO  Request starting HTTP/1.1 POST http://localhost:63313/Login/Login application/x-www-form-urlencoded; charset=UTF-8 22  <ProcessRequestAsync>d__2.MoveNext => HostingApplication.CreateContext => HostingApplicationDiagnostics.LogRequestStarting
2019-03-08 20:55:47.0900 INFO  Executing endpoint 'Web.Controllers.LoginController.Login (Web)'  AsyncMethodBuilderCore.Start => <Invoke>d__3.MoveNext => Log.ExecutingEndpoint
2019-03-08 20:55:47.1134 INFO  Route matched with {action = "Login", controller = "Login"}. Executing action Web.Controllers.LoginController.Login (Web)  AsyncMethodBuilderCore.Start => <InvokeAsync>d__16.MoveNext => MvcCoreLoggerExtensions.ExecutingAction
2019-03-08 20:55:47.1441 INFO  Executing action method Web.Controllers.LoginController.Login (Web) with arguments (Web.Model.Login) - Validation state: Valid  AsyncMethodBuilderCore.Start => <InvokeActionMethodAsync>d__12.MoveNext => MvcCoreLoggerExtensions.ActionMethodExecuting
2019-03-08 20:55:47.2153 DEBUG  登录失败：账号123  密码：123  <no type>.lambda_method => LoginController.Login => LogHelp.Debug
2019-03-08 20:55:47.2153 INFO  Executed action method Web.Controllers.LoginController.Login (Web), returned result Microsoft.AspNetCore.Mvc.JsonResult in 71.0169ms.  AsyncMethodBuilderCore.Start => <InvokeActionMethodAsync>d__12.MoveNext => MvcCoreLoggerExtensions.ActionMethodExecuted
2019-03-08 20:55:47.2153 INFO  Executing JsonResult, writing value of type '<>f__AnonymousType0`1[[Web.Common.Response`1[[System.Object, System.Private.CoreLib, Version=4.0.0.0, Culture=neutral, PublicKeyToken=7cec85d7bea7798e]], Web, Version=1.0.0.0, Culture=neutral, PublicKeyToken=null]]'.  AsyncMethodBuilderCore.Start => <ExecuteAsync>d__12.MoveNext => MvcJsonLoggerExtensions.JsonResultExecuting
2019-03-08 20:55:47.2663 INFO  Executed action Web.Controllers.LoginController.Login (Web) in 149.2901ms  AsyncMethodBuilderCore.Start => <InvokeAsync>d__16.MoveNext => MvcCoreLoggerExtensions.ExecutedAction
2019-03-08 20:55:47.2663 INFO  Executed endpoint 'Web.Controllers.LoginController.Login (Web)'  AsyncMethodBuilderCore.Start => <Invoke>d__3.MoveNext => Log.ExecutedEndpoint
2019-03-08 20:55:47.2663 INFO  Request finished in 182.0967ms 200 application/json; charset=utf-8  <ProcessRequestAsync>d__2.MoveNext => HostingApplication.DisposeContext => HostingApplicationDiagnostics.LogRequestFinished
