16:32:31|Debug|Quartz.Impl.StdSchedulerFactory+<Instantiate>d__65.MoveNext|TaskSchedulingThreadPool configured with max concurrency of 10 and TaskScheduler ThreadPoolTaskScheduler.|
16:32:32|Debug|Quartz.Logging.LogProviders.NLogLogProvider+NLogLogger.Log|Batch acquisition of 0 triggers|
16:32:32|Debug|Quartz.Logging.LogProviders.NLogLogProvider+NLogLogger.Log|Batch acquisition of 1 triggers|
16:32:40|Debug|Quartz.Simpl.SimpleJobFactory.NewJob|Producing instance of Job 'gtoup第一组.name测试', class=Job.StartWriteJob|
16:32:40|Debug|Quartz.Logging.LogProviders.NLogLogProvider+NLogLogger.Log|Batch acquisition of 1 triggers|
16:32:40|Debug|Quartz.Logging.LogProviders.NLogLogProvider+NLogLogger.Log|Calling Execute on job gtoup第一组.name测试|
16:32:42|Debug|Common.LogHelper.Debug|2019/3/12 16:32:42测试打印|
16:33:38|Debug|Quartz.Impl.StdSchedulerFactory+<Instantiate>d__65.MoveNext|TaskSchedulingThreadPool configured with max concurrency of 10 and TaskScheduler ThreadPoolTaskScheduler.|
16:33:38|Debug|Quartz.Logging.LogProviders.NLogLogProvider+NLogLogger.Log|Batch acquisition of 0 triggers|
16:33:38|Debug|Quartz.Logging.LogProviders.NLogLogProvider+NLogLogger.Log|Batch acquisition of 1 triggers|
16:33:40|Debug|Quartz.Simpl.SimpleJobFactory.NewJob|Producing instance of Job 'gtoup第一组.name测试', class=Job.StartWriteJob|
16:33:40|Debug|Quartz.Logging.LogProviders.NLogLogProvider+NLogLogger.Log|Batch acquisition of 1 triggers|
16:33:40|Debug|Quartz.Logging.LogProviders.NLogLogProvider+NLogLogger.Log|Calling Execute on job gtoup第一组.name测试|
16:33:42|Debug|Common.LogHelper.Debug|2019/3/12 16:33:42测试打印|
16:33:50|Debug|Quartz.Simpl.SimpleJobFactory.NewJob|Producing instance of Job 'gtoup第一组.name测试', class=Job.StartWriteJob|
16:33:50|Debug|Quartz.Logging.LogProviders.NLogLogProvider+NLogLogger.Log|Batch acquisition of 1 triggers|
16:33:50|Debug|Quartz.Logging.LogProviders.NLogLogProvider+NLogLogger.Log|Calling Execute on job gtoup第一组.name测试|
16:33:52|Debug|Common.LogHelper.Debug|2019/3/12 16:33:52测试打印|
16:33:52|Debug|Quartz.Logging.LogProviders.NLogLogProvider+NLogLogger.Log|Trigger instruction : NoInstruction|
16:33:52|Debug|Quartz.Logging.LogProviders.NLogLogProvider+NLogLogger.Log|Trigger instruction : NoInstruction|
16:34:00|Debug|Quartz.Simpl.SimpleJobFactory.NewJob|Producing instance of Job 'gtoup第一组.name测试', class=Job.StartWriteJob|
16:34:00|Debug|Quartz.Logging.LogProviders.NLogLogProvider+NLogLogger.Log|Batch acquisition of 1 triggers|
16:34:00|Debug|Quartz.Logging.LogProviders.NLogLogProvider+NLogLogger.Log|Calling Execute on job gtoup第一组.name测试|
16:34:03|Debug|Common.LogHelper.Debug|2019/3/12 16:34:03测试打印|
16:34:09|Debug|Quartz.Logging.LogProviders.NLogLogProvider+NLogLogger.Log|Trigger instruction : NoInstruction|
16:34:10|Debug|Quartz.Simpl.SimpleJobFactory.NewJob|Producing instance of Job 'gtoup第一组.name测试', class=Job.StartWriteJob|
16:34:10|Debug|Quartz.Logging.LogProviders.NLogLogProvider+NLogLogger.Log|Batch acquisition of 1 triggers|
16:34:10|Debug|Quartz.Logging.LogProviders.NLogLogProvider+NLogLogger.Log|Calling Execute on job gtoup第一组.name测试|
16:34:10|Debug|Common.LogHelper.Debug|2019/3/12 16:34:10测试打印|
16:34:10|Debug|Quartz.Logging.LogProviders.NLogLogProvider+NLogLogger.Log|Trigger instruction : NoInstruction|
16:34:56|Debug|Quartz.Impl.StdSchedulerFactory+<Instantiate>d__65.MoveNext|TaskSchedulingThreadPool configured with max concurrency of 10 and TaskScheduler ThreadPoolTaskScheduler.|
16:34:56|Debug|Quartz.Logging.LogProviders.NLogLogProvider+NLogLogger.Log|Batch acquisition of 0 triggers|
16:34:56|Debug|Quartz.Logging.LogProviders.NLogLogProvider+NLogLogger.Log|Batch acquisition of 1 triggers|
16:35:00|Debug|Quartz.Simpl.SimpleJobFactory.NewJob|Producing instance of Job 'gtoup第一组.name测试', class=Job.StartWriteJob|
16:35:00|Debug|Quartz.Logging.LogProviders.NLogLogProvider+NLogLogger.Log|Batch acquisition of 1 triggers|
16:35:00|Debug|Quartz.Logging.LogProviders.NLogLogProvider+NLogLogger.Log|Calling Execute on job gtoup第一组.name测试|
16:35:02|Debug|Common.LogHelper.Debug|2019/3/12 16:35:02测试打印|
16:35:03|Debug|Quartz.Logging.LogProviders.NLogLogProvider+NLogLogger.Log|Trigger instruction : NoInstruction|
16:35:10|Debug|Quartz.Simpl.SimpleJobFactory.NewJob|Producing instance of Job 'gtoup第一组.name测试', class=Job.StartWriteJob|
16:35:10|Debug|Quartz.Logging.LogProviders.NLogLogProvider+NLogLogger.Log|Batch acquisition of 1 triggers|
16:35:10|Debug|Quartz.Logging.LogProviders.NLogLogProvider+NLogLogger.Log|Calling Execute on job gtoup第一组.name测试|
16:35:11|Debug|Common.LogHelper.Debug|2019/3/12 16:35:11测试打印|
16:35:25|Debug|Quartz.Simpl.SimpleJobFactory.NewJob|Producing instance of Job 'gtoup第一组.name测试', class=Job.StartWriteJob|
16:35:25|Debug|Quartz.Logging.LogProviders.NLogLogProvider+NLogLogger.Log|Calling Execute on job gtoup第一组.name测试|
16:35:25|Debug|Quartz.Logging.LogProviders.NLogLogProvider+NLogLogger.Log|Batch acquisition of 1 triggers|
16:35:27|Debug|Common.LogHelper.Debug|2019/3/12 16:35:27测试打印|
16:35:31|Debug|Quartz.Simpl.SimpleJobFactory.NewJob|Producing instance of Job 'gtoup第一组.name测试', class=Job.StartWriteJob|
16:35:31|Debug|Quartz.Logging.LogProviders.NLogLogProvider+NLogLogger.Log|Calling Execute on job gtoup第一组.name测试|
16:35:31|Debug|Quartz.Logging.LogProviders.NLogLogProvider+NLogLogger.Log|Batch acquisition of 1 triggers|
16:35:32|Debug|Common.LogHelper.Debug|2019/3/12 16:35:32测试打印|
16:35:32|Debug|Quartz.Logging.LogProviders.NLogLogProvider+NLogLogger.Log|Trigger instruction : NoInstruction|
16:35:32|Debug|Quartz.Logging.LogProviders.NLogLogProvider+NLogLogger.Log|Trigger instruction : NoInstruction|
16:35:32|Debug|Quartz.Logging.LogProviders.NLogLogProvider+NLogLogger.Log|Trigger instruction : NoInstruction|
16:37:04|Debug|Quartz.Impl.StdSchedulerFactory+<Instantiate>d__65.MoveNext|TaskSchedulingThreadPool configured with max concurrency of 10 and TaskScheduler ThreadPoolTaskScheduler.|
16:37:04|Debug|Quartz.Logging.LogProviders.NLogLogProvider+NLogLogger.Log|Batch acquisition of 0 triggers|
16:37:04|Debug|Quartz.Logging.LogProviders.NLogLogProvider+NLogLogger.Log|Batch acquisition of 1 triggers|
16:37:10|Debug|Quartz.Simpl.SimpleJobFactory.NewJob|Producing instance of Job 'gtoup第一组.name测试', class=Job.StartWriteJob|
16:37:10|Debug|Quartz.Logging.LogProviders.NLogLogProvider+NLogLogger.Log|Batch acquisition of 1 triggers|
16:37:10|Debug|Quartz.Logging.LogProviders.NLogLogProvider+NLogLogger.Log|Calling Execute on job gtoup第一组.name测试|
16:37:14|Debug|Common.LogHelper.Debug|2019/3/12 16:37:14测试打印|
16:37:17|Debug|Quartz.Logging.LogProviders.NLogLogProvider+NLogLogger.Log|Trigger instruction : NoInstruction|
16:37:20|Debug|Quartz.Simpl.SimpleJobFactory.NewJob|Producing instance of Job 'gtoup第一组.name测试', class=Job.StartWriteJob|
16:37:20|Debug|Quartz.Logging.LogProviders.NLogLogProvider+NLogLogger.Log|Batch acquisition of 1 triggers|
16:37:20|Debug|Quartz.Logging.LogProviders.NLogLogProvider+NLogLogger.Log|Calling Execute on job gtoup第一组.name测试|
16:37:35|Debug|Quartz.Simpl.SimpleJobFactory.NewJob|Producing instance of Job 'gtoup第一组.name测试', class=Job.StartWriteJob|
16:37:35|Debug|Common.LogHelper.Debug|2019/3/12 16:37:35测试打印|
16:37:35|Debug|Quartz.Logging.LogProviders.NLogLogProvider+NLogLogger.Log|Batch acquisition of 1 triggers|
16:37:35|Debug|Quartz.Logging.LogProviders.NLogLogProvider+NLogLogger.Log|Calling Execute on job gtoup第一组.name测试|
16:37:41|Debug|Quartz.Simpl.SimpleJobFactory.NewJob|Producing instance of Job 'gtoup第一组.name测试', class=Job.StartWriteJob|
16:37:41|Debug|Common.LogHelper.Debug|2019/3/12 16:37:41测试打印|
16:37:41|Debug|Quartz.Logging.LogProviders.NLogLogProvider+NLogLogger.Log|Batch acquisition of 1 triggers|
16:37:42|Debug|Quartz.Logging.LogProviders.NLogLogProvider+NLogLogger.Log|Calling Execute on job gtoup第一组.name测试|
16:37:43|Debug|Common.LogHelper.Debug|2019/3/12 16:37:43测试打印|
16:37:59|Debug|Quartz.Logging.LogProviders.NLogLogProvider+NLogLogger.Log|Trigger instruction : NoInstruction|
16:38:00|Debug|Quartz.Logging.LogProviders.NLogLogProvider+NLogLogger.Log|Trigger instruction : NoInstruction|
16:38:00|Debug|Quartz.Simpl.SimpleJobFactory.NewJob|Producing instance of Job 'gtoup第一组.name测试', class=Job.StartWriteJob|
16:38:00|Debug|Quartz.Logging.LogProviders.NLogLogProvider+NLogLogger.Log|Batch acquisition of 1 triggers|
16:38:00|Debug|Quartz.Logging.LogProviders.NLogLogProvider+NLogLogger.Log|Calling Execute on job gtoup第一组.name测试|
16:38:00|Debug|Quartz.Logging.LogProviders.NLogLogProvider+NLogLogger.Log|Trigger instruction : NoInstruction|
16:38:00|Debug|Quartz.Simpl.SimpleJobFactory.NewJob|Producing instance of Job 'gtoup第一组.name测试', class=Job.StartWriteJob|
16:38:01|Debug|Common.LogHelper.Debug|2019/3/12 16:38:01测试打印|
16:38:01|Debug|Quartz.Logging.LogProviders.NLogLogProvider+NLogLogger.Log|Calling Execute on job gtoup第一组.name测试|
16:38:01|Debug|Quartz.Logging.LogProviders.NLogLogProvider+NLogLogger.Log|Batch acquisition of 1 triggers|
16:38:01|Debug|Common.LogHelper.Debug|2019/3/12 16:38:01测试打印|
16:38:01|Debug|Quartz.Logging.LogProviders.NLogLogProvider+NLogLogger.Log|Trigger instruction : NoInstruction|
16:38:01|Debug|Quartz.Logging.LogProviders.NLogLogProvider+NLogLogger.Log|Trigger instruction : NoInstruction|
16:38:11|Debug|Quartz.Simpl.SimpleJobFactory.NewJob|Producing instance of Job 'gtoup第一组.name测试', class=Job.StartWriteJob|
16:38:11|Debug|Quartz.Logging.LogProviders.NLogLogProvider+NLogLogger.Log|Calling Execute on job gtoup第一组.name测试|
16:38:11|Debug|Quartz.Logging.LogProviders.NLogLogProvider+NLogLogger.Log|Batch acquisition of 1 triggers|
16:38:12|Debug|Common.LogHelper.Debug|2019/3/12 16:38:12测试打印|
16:38:12|Debug|Quartz.Logging.LogProviders.NLogLogProvider+NLogLogger.Log|Trigger instruction : NoInstruction|
16:38:29|Debug|Quartz.Impl.StdSchedulerFactory+<Instantiate>d__65.MoveNext|TaskSchedulingThreadPool configured with max concurrency of 10 and TaskScheduler ThreadPoolTaskScheduler.|
16:38:29|Debug|Quartz.Logging.LogProviders.NLogLogProvider+NLogLogger.Log|Batch acquisition of 0 triggers|
16:38:29|Debug|Quartz.Logging.LogProviders.NLogLogProvider+NLogLogger.Log|Batch acquisition of 1 triggers|
16:38:30|Debug|Quartz.Simpl.SimpleJobFactory.NewJob|Producing instance of Job 'gtoup第一组.name测试', class=Job.StartWriteJob|
16:38:30|Debug|Quartz.Logging.LogProviders.NLogLogProvider+NLogLogger.Log|Batch acquisition of 1 triggers|
16:38:30|Debug|Quartz.Logging.LogProviders.NLogLogProvider+NLogLogger.Log|Calling Execute on job gtoup第一组.name测试|
16:38:37|Debug|Common.LogHelper.Debug|2019/3/12 16:38:37测试打印|
16:38:39|Debug|Quartz.Logging.LogProviders.NLogLogProvider+NLogLogger.Log|Trigger instruction : NoInstruction|
16:39:00|Debug|Quartz.Simpl.SimpleJobFactory.NewJob|Producing instance of Job 'gtoup第一组.name测试', class=Job.StartWriteJob|
16:39:00|Debug|Quartz.Logging.LogProviders.NLogLogProvider+NLogLogger.Log|Batch acquisition of 1 triggers|
16:39:00|Debug|Quartz.Logging.LogProviders.NLogLogProvider+NLogLogger.Log|Calling Execute on job gtoup第一组.name测试|
16:39:02|Debug|Common.LogHelper.Debug|2019/3/12 16:39:02测试打印|
16:39:10|Debug|Quartz.Logging.LogProviders.NLogLogProvider+NLogLogger.Log|Trigger instruction : NoInstruction|
16:40:23|Debug|Quartz.Impl.StdSchedulerFactory+<Instantiate>d__65.MoveNext|TaskSchedulingThreadPool configured with max concurrency of 10 and TaskScheduler ThreadPoolTaskScheduler.|
16:40:23|Debug|Quartz.Logging.LogProviders.NLogLogProvider+NLogLogger.Log|Batch acquisition of 0 triggers|
16:40:23|Debug|Quartz.Logging.LogProviders.NLogLogProvider+NLogLogger.Log|Batch acquisition of 1 triggers|
16:40:30|Debug|Quartz.Simpl.SimpleJobFactory.NewJob|Producing instance of Job 'gtoup第一组.name测试', class=Job.StartWriteJob|
16:40:30|Debug|Quartz.Logging.LogProviders.NLogLogProvider+NLogLogger.Log|Batch acquisition of 1 triggers|
16:40:30|Debug|Quartz.Logging.LogProviders.NLogLogProvider+NLogLogger.Log|Calling Execute on job gtoup第一组.name测试|
16:40:31|Debug|Common.LogHelper.Debug|2019/3/12 16:40:31测试打印|
16:40:31|Debug|Quartz.Logging.LogProviders.NLogLogProvider+NLogLogger.Log|Trigger instruction : NoInstruction|
16:41:00|Debug|Quartz.Simpl.SimpleJobFactory.NewJob|Producing instance of Job 'gtoup第一组.name测试', class=Job.StartWriteJob|
16:41:00|Debug|Quartz.Logging.LogProviders.NLogLogProvider+NLogLogger.Log|Calling Execute on job gtoup第一组.name测试|
16:41:00|Debug|Quartz.Logging.LogProviders.NLogLogProvider+NLogLogger.Log|Batch acquisition of 1 triggers|
16:41:01|Debug|Common.LogHelper.Debug|2019/3/12 16:41:01测试打印|
16:41:01|Debug|Quartz.Logging.LogProviders.NLogLogProvider+NLogLogger.Log|Trigger instruction : NoInstruction|
16:41:30|Debug|Quartz.Simpl.SimpleJobFactory.NewJob|Producing instance of Job 'gtoup第一组.name测试', class=Job.StartWriteJob|
16:41:30|Debug|Quartz.Logging.LogProviders.NLogLogProvider+NLogLogger.Log|Calling Execute on job gtoup第一组.name测试|
16:41:30|Debug|Quartz.Logging.LogProviders.NLogLogProvider+NLogLogger.Log|Batch acquisition of 1 triggers|
16:41:32|Debug|Common.LogHelper.Debug|2019/3/12 16:41:32测试打印|
16:41:33|Debug|Quartz.Logging.LogProviders.NLogLogProvider+NLogLogger.Log|Trigger instruction : NoInstruction|
16:42:00|Debug|Quartz.Simpl.SimpleJobFactory.NewJob|Producing instance of Job 'gtoup第一组.name测试', class=Job.StartWriteJob|
16:42:00|Debug|Quartz.Logging.LogProviders.NLogLogProvider+NLogLogger.Log|Batch acquisition of 1 triggers|
16:42:00|Debug|Quartz.Logging.LogProviders.NLogLogProvider+NLogLogger.Log|Calling Execute on job gtoup第一组.name测试|
16:42:02|Debug|Common.LogHelper.Debug|2019/3/12 16:42:02测试打印|
16:42:02|Debug|Quartz.Logging.LogProviders.NLogLogProvider+NLogLogger.Log|Trigger instruction : NoInstruction|
16:42:16|Debug|Quartz.Impl.StdSchedulerFactory+<Instantiate>d__65.MoveNext|TaskSchedulingThreadPool configured with max concurrency of 10 and TaskScheduler ThreadPoolTaskScheduler.|
16:42:17|Debug|Quartz.Logging.LogProviders.NLogLogProvider+NLogLogger.Log|Batch acquisition of 0 triggers|
16:42:17|Debug|Quartz.Logging.LogProviders.NLogLogProvider+NLogLogger.Log|Batch acquisition of 1 triggers|
16:42:30|Debug|Quartz.Simpl.SimpleJobFactory.NewJob|Producing instance of Job 'gtoup第一组.name测试', class=Job.StartWriteJob|
16:42:30|Debug|Quartz.Logging.LogProviders.NLogLogProvider+NLogLogger.Log|Batch acquisition of 1 triggers|
16:42:30|Debug|Quartz.Logging.LogProviders.NLogLogProvider+NLogLogger.Log|Calling Execute on job gtoup第一组.name测试|
16:42:33|Debug|Common.LogHelper.Debug|2019/3/12 16:42:33测试打印|
16:42:49|Debug|Quartz.Logging.LogProviders.NLogLogProvider+NLogLogger.Log|Trigger instruction : NoInstruction|
16:43:00|Debug|Quartz.Simpl.SimpleJobFactory.NewJob|Producing instance of Job 'gtoup第一组.name测试', class=Job.StartWriteJob|
16:43:00|Debug|Quartz.Logging.LogProviders.NLogLogProvider+NLogLogger.Log|Batch acquisition of 1 triggers|
16:43:00|Debug|Quartz.Logging.LogProviders.NLogLogProvider+NLogLogger.Log|Calling Execute on job gtoup第一组.name测试|
16:43:02|Debug|Common.LogHelper.Debug|2019/3/12 16:43:02测试打印|
16:43:29|Debug|Quartz.Logging.LogProviders.NLogLogProvider+NLogLogger.Log|Trigger instruction : NoInstruction|
16:43:36|Debug|Quartz.Simpl.SimpleJobFactory.NewJob|Producing instance of Job 'gtoup第一组.name测试', class=Job.StartWriteJob|
16:43:36|Debug|Quartz.Logging.LogProviders.NLogLogProvider+NLogLogger.Log|Calling Execute on job gtoup第一组.name测试|
16:43:36|Debug|Quartz.Logging.LogProviders.NLogLogProvider+NLogLogger.Log|Batch acquisition of 1 triggers|
16:43:37|Debug|Common.LogHelper.Debug|2019/3/12 16:43:37测试打印|
16:43:45|Debug|Quartz.Logging.LogProviders.NLogLogProvider+NLogLogger.Log|Trigger instruction : NoInstruction|
16:44:12|Debug|Quartz.Impl.StdSchedulerFactory+<Instantiate>d__65.MoveNext|TaskSchedulingThreadPool configured with max concurrency of 10 and TaskScheduler ThreadPoolTaskScheduler.|
16:44:12|Debug|Quartz.Logging.LogProviders.NLogLogProvider+NLogLogger.Log|Batch acquisition of 0 triggers|
16:44:12|Debug|Quartz.Logging.LogProviders.NLogLogProvider+NLogLogger.Log|Batch acquisition of 1 triggers|
16:44:30|Debug|Quartz.Simpl.SimpleJobFactory.NewJob|Producing instance of Job 'gtoup第一组.name测试', class=Job.StartWriteJob|
16:44:30|Debug|Quartz.Logging.LogProviders.NLogLogProvider+NLogLogger.Log|Batch acquisition of 1 triggers|
16:44:30|Debug|Quartz.Logging.LogProviders.NLogLogProvider+NLogLogger.Log|Calling Execute on job gtoup第一组.name测试|
16:44:30|Debug|Common.LogHelper.Debug|2019/3/12 16:44:30测试打印|
16:44:30|Debug|Quartz.Logging.LogProviders.NLogLogProvider+NLogLogger.Log|Trigger instruction : NoInstruction|
16:45:00|Debug|Quartz.Simpl.SimpleJobFactory.NewJob|Producing instance of Job 'gtoup第一组.name测试', class=Job.StartWriteJob|
16:45:00|Debug|Quartz.Logging.LogProviders.NLogLogProvider+NLogLogger.Log|Batch acquisition of 1 triggers|
16:45:00|Debug|Quartz.Logging.LogProviders.NLogLogProvider+NLogLogger.Log|Calling Execute on job gtoup第一组.name测试|
16:45:00|Debug|Common.LogHelper.Debug|2019/3/12 16:45:00测试打印|
16:45:00|Debug|Quartz.Logging.LogProviders.NLogLogProvider+NLogLogger.Log|Trigger instruction : NoInstruction|
16:45:30|Debug|Quartz.Simpl.SimpleJobFactory.NewJob|Producing instance of Job 'gtoup第一组.name测试', class=Job.StartWriteJob|
16:45:30|Debug|Quartz.Logging.LogProviders.NLogLogProvider+NLogLogger.Log|Batch acquisition of 1 triggers|
16:45:30|Debug|Quartz.Logging.LogProviders.NLogLogProvider+NLogLogger.Log|Calling Execute on job gtoup第一组.name测试|
16:45:30|Debug|Common.LogHelper.Debug|2019/3/12 16:45:30测试打印|
16:45:30|Debug|Quartz.Logging.LogProviders.NLogLogProvider+NLogLogger.Log|Trigger instruction : NoInstruction|
16:46:00|Debug|Quartz.Simpl.SimpleJobFactory.NewJob|Producing instance of Job 'gtoup第一组.name测试', class=Job.StartWriteJob|
16:46:00|Debug|Quartz.Logging.LogProviders.NLogLogProvider+NLogLogger.Log|Batch acquisition of 1 triggers|
16:46:00|Debug|Quartz.Logging.LogProviders.NLogLogProvider+NLogLogger.Log|Calling Execute on job gtoup第一组.name测试|
16:46:00|Debug|Common.LogHelper.Debug|2019/3/12 16:46:00测试打印|
16:46:00|Debug|Quartz.Logging.LogProviders.NLogLogProvider+NLogLogger.Log|Trigger instruction : NoInstruction|
16:46:30|Debug|Quartz.Simpl.SimpleJobFactory.NewJob|Producing instance of Job 'gtoup第一组.name测试', class=Job.StartWriteJob|
16:46:30|Debug|Quartz.Logging.LogProviders.NLogLogProvider+NLogLogger.Log|Calling Execute on job gtoup第一组.name测试|
16:46:30|Debug|Quartz.Logging.LogProviders.NLogLogProvider+NLogLogger.Log|Batch acquisition of 1 triggers|
16:46:34|Debug|Common.LogHelper.Debug|2019/3/12 16:46:34测试打印|
16:46:37|Debug|Quartz.Logging.LogProviders.NLogLogProvider+NLogLogger.Log|Trigger instruction : NoInstruction|
16:47:00|Debug|Quartz.Simpl.SimpleJobFactory.NewJob|Producing instance of Job 'gtoup第一组.name测试', class=Job.StartWriteJob|
16:47:00|Debug|Quartz.Logging.LogProviders.NLogLogProvider+NLogLogger.Log|Batch acquisition of 1 triggers|
16:47:00|Debug|Quartz.Logging.LogProviders.NLogLogProvider+NLogLogger.Log|Calling Execute on job gtoup第一组.name测试|
16:47:00|Debug|Common.LogHelper.Debug|2019/3/12 16:47:00测试打印|
16:47:15|Debug|Quartz.Logging.LogProviders.NLogLogProvider+NLogLogger.Log|Trigger instruction : NoInstruction|
16:48:23|Debug|Quartz.Simpl.SimpleJobFactory.NewJob|Producing instance of Job 'gtoup第一组.name测试', class=Job.StartWriteJob|
16:48:23|Debug|Quartz.Logging.LogProviders.NLogLogProvider+NLogLogger.Log|Calling Execute on job gtoup第一组.name测试|
16:48:31|Debug|Quartz.Logging.LogProviders.NLogLogProvider+NLogLogger.Log|Batch acquisition of 1 triggers|
16:48:31|Debug|Common.LogHelper.Debug|2019/3/12 16:48:31测试打印|
16:48:34|Debug|Quartz.Simpl.SimpleJobFactory.NewJob|Producing instance of Job 'gtoup第一组.name测试', class=Job.StartWriteJob|
16:48:35|Debug|Quartz.Logging.LogProviders.NLogLogProvider+NLogLogger.Log|Calling Execute on job gtoup第一组.name测试|
16:48:35|Debug|Common.LogHelper.Debug|2019/3/12 16:48:35测试打印|
17:03:59|Debug|Quartz.Impl.StdSchedulerFactory+<Instantiate>d__65.MoveNext|TaskSchedulingThreadPool configured with max concurrency of 10 and TaskScheduler ThreadPoolTaskScheduler.|
17:03:59|Debug|Quartz.Logging.LogProviders.NLogLogProvider+NLogLogger.Log|Batch acquisition of 0 triggers|
17:03:59|Debug|Quartz.Logging.LogProviders.NLogLogProvider+NLogLogger.Log|Batch acquisition of 1 triggers|
17:04:00|Debug|Quartz.Simpl.SimpleJobFactory.NewJob|Producing instance of Job 'gtoup第一组.name测试', class=Job.StartWriteJob|
17:04:00|Debug|Quartz.Logging.LogProviders.NLogLogProvider+NLogLogger.Log|Batch acquisition of 1 triggers|
17:04:00|Debug|Quartz.Logging.LogProviders.NLogLogProvider+NLogLogger.Log|Calling Execute on job gtoup第一组.name测试|
17:04:00|Debug|Common.LogHelper.Debug|2019/3/12 17:04:00测试打印|
17:04:15|Debug|Quartz.Logging.LogProviders.NLogLogProvider+NLogLogger.Log|Trigger instruction : NoInstruction|
17:05:30|Debug|Quartz.Simpl.SimpleJobFactory.NewJob|Producing instance of Job 'gtoup第一组.name测试', class=Job.StartWriteJob|
17:05:30|Debug|Quartz.Logging.LogProviders.NLogLogProvider+NLogLogger.Log|Batch acquisition of 1 triggers|
17:05:30|Debug|Quartz.Logging.LogProviders.NLogLogProvider+NLogLogger.Log|Calling Execute on job gtoup第一组.name测试|
17:05:30|Debug|Quartz.Simpl.SimpleJobFactory.NewJob|Producing instance of Job 'gtoup第一组.name测试', class=Job.StartWriteJob|
17:05:30|Debug|Common.LogHelper.Debug|2019/3/12 17:05:30测试打印|
17:05:30|Debug|Quartz.Logging.LogProviders.NLogLogProvider+NLogLogger.Log|Batch acquisition of 1 triggers|
17:05:32|Debug|Quartz.Logging.LogProviders.NLogLogProvider+NLogLogger.Log|Calling Execute on job gtoup第一组.name测试|
17:05:33|Debug|Common.LogHelper.Debug|2019/3/12 17:05:33测试打印|
17:05:39|Debug|Quartz.Logging.LogProviders.NLogLogProvider+NLogLogger.Log|Trigger instruction : NoInstruction|
17:05:41|Debug|Quartz.Logging.LogProviders.NLogLogProvider+NLogLogger.Log|Trigger instruction : NoInstruction|
17:05:49|Debug|Quartz.Impl.StdSchedulerFactory+<Instantiate>d__65.MoveNext|TaskSchedulingThreadPool configured with max concurrency of 10 and TaskScheduler ThreadPoolTaskScheduler.|
17:05:49|Debug|Quartz.Logging.LogProviders.NLogLogProvider+NLogLogger.Log|Batch acquisition of 0 triggers|
17:05:49|Debug|Quartz.Logging.LogProviders.NLogLogProvider+NLogLogger.Log|Batch acquisition of 1 triggers|
17:06:00|Debug|Quartz.Simpl.SimpleJobFactory.NewJob|Producing instance of Job 'gtoup第一组.name测试', class=Job.StartWriteJob|
17:06:00|Debug|Quartz.Logging.LogProviders.NLogLogProvider+NLogLogger.Log|Batch acquisition of 1 triggers|
17:06:00|Debug|Quartz.Logging.LogProviders.NLogLogProvider+NLogLogger.Log|Calling Execute on job gtoup第一组.name测试|
17:06:00|Debug|Common.LogHelper.Debug|2019/3/12 17:06:00测试打印|
17:06:06|Debug|Quartz.Logging.LogProviders.NLogLogProvider+NLogLogger.Log|Trigger instruction : NoInstruction|
17:06:30|Debug|Quartz.Simpl.SimpleJobFactory.NewJob|Producing instance of Job 'gtoup第一组.name测试', class=Job.StartWriteJob|
17:06:32|Debug|Quartz.Logging.LogProviders.NLogLogProvider+NLogLogger.Log|Batch acquisition of 1 triggers|
17:06:32|Debug|Quartz.Logging.LogProviders.NLogLogProvider+NLogLogger.Log|Calling Execute on job gtoup第一组.name测试|
17:06:32|Debug|Common.LogHelper.Debug|2019/3/12 17:06:32测试打印|
17:06:38|Debug|Quartz.Logging.LogProviders.NLogLogProvider+NLogLogger.Log|Trigger instruction : NoInstruction|
17:23:27|Debug|Quartz.Impl.StdSchedulerFactory+<Instantiate>d__65.MoveNext|TaskSchedulingThreadPool configured with max concurrency of 10 and TaskScheduler ThreadPoolTaskScheduler.|
17:23:27|Debug|Quartz.Logging.LogProviders.NLogLogProvider+NLogLogger.Log|Batch acquisition of 0 triggers|
17:23:27|Debug|Quartz.Logging.LogProviders.NLogLogProvider+NLogLogger.Log|Batch acquisition of 1 triggers|
17:23:30|Debug|Quartz.Simpl.SimpleJobFactory.NewJob|Producing instance of Job 'gtoup第一组.name测试', class=Job.StartWriteJob|
17:23:30|Debug|Quartz.Logging.LogProviders.NLogLogProvider+NLogLogger.Log|Batch acquisition of 1 triggers|
17:23:30|Debug|Quartz.Logging.LogProviders.NLogLogProvider+NLogLogger.Log|Calling Execute on job gtoup第一组.name测试|
17:23:30|Debug|Common.LogHelper.Debug|2019/3/12 17:23:30测试打印|
17:23:36|Debug|Quartz.Logging.LogProviders.NLogLogProvider+NLogLogger.Log|Trigger instruction : NoInstruction|
17:30:21|Debug|Quartz.Impl.StdSchedulerFactory+<Instantiate>d__65.MoveNext|TaskSchedulingThreadPool configured with max concurrency of 10 and TaskScheduler ThreadPoolTaskScheduler.|
17:30:21|Debug|Quartz.Logging.LogProviders.NLogLogProvider+NLogLogger.Log|Batch acquisition of 0 triggers|
17:30:21|Debug|Quartz.Logging.LogProviders.NLogLogProvider+NLogLogger.Log|Batch acquisition of 1 triggers|
17:30:30|Debug|Quartz.Simpl.SimpleJobFactory.NewJob|Producing instance of Job 'gtoup第一组.name测试', class=Job.StartWriteJob|
17:30:30|Debug|Quartz.Logging.LogProviders.NLogLogProvider+NLogLogger.Log|Batch acquisition of 1 triggers|
17:30:30|Debug|Quartz.Logging.LogProviders.NLogLogProvider+NLogLogger.Log|Calling Execute on job gtoup第一组.name测试|
17:30:30|Debug|Common.LogHelper.Debug|2019/3/12 17:30:30测试打印|
17:30:36|Debug|Quartz.Logging.LogProviders.NLogLogProvider+NLogLogger.Log|Trigger instruction : NoInstruction|
